

15-12-2022 17:44:11
Object reference not set to an instance of an object.   at GlazeWM.Domain.Containers.CommandHandlers.SetFocusedDescendantHandler.Handle(SetFocusedDescendantCommand command) in C:\Users\larsb\repos\GlazeWM\GlazeWM.Domain\Containers\CommandHandlers\SetFocusedDescendantHandler.cs:line 11
   at GlazeWM.Infrastructure.Bussing.Bus.Invoke[T](T command) in C:\Users\larsb\repos\GlazeWM\GlazeWM.Infrastructure\Bussing\Bus.cs:line 44

15-12-2022 17:44:11
Object reference not set to an instance of an object.   at GlazeWM.Domain.Containers.CommandHandlers.SetFocusedDescendantHandler.Handle(SetFocusedDescendantCommand command) in C:\Users\larsb\repos\GlazeWM\GlazeWM.Domain\Containers\CommandHandlers\SetFocusedDescendantHandler.cs:line 11
   at GlazeWM.Infrastructure.Bussing.Bus.Invoke[T](T command) in C:\Users\larsb\repos\GlazeWM\GlazeWM.Infrastructure\Bussing\Bus.cs:line 44
   at GlazeWM.Domain.Common.CommandHandlers.PopulateInitialStateHandler.Handle(PopulateInitialStateCommand command) in C:\Users\larsb\repos\GlazeWM\GlazeWM.Domain\Common\CommandHandlers\PopulateInitialStateHandler.cs:line 63
   at GlazeWM.Infrastructure.Bussing.Bus.Invoke[T](T command) in C:\Users\larsb\repos\GlazeWM\GlazeWM.Infrastructure\Bussing\Bus.cs:line 44

15-12-2022 17:44:53
Object reference not set to an instance of an object.   at GlazeWM.Domain.Containers.CommandHandlers.SetFocusedDescendantHandler.Handle(SetFocusedDescendantCommand command) in C:\Users\larsb\repos\GlazeWM\GlazeWM.Domain\Containers\CommandHandlers\SetFocusedDescendantHandler.cs:line 11
   at GlazeWM.Infrastructure.Bussing.Bus.Invoke[T](T command) in C:\Users\larsb\repos\GlazeWM\GlazeWM.Infrastructure\Bussing\Bus.cs:line 44

15-12-2022 17:44:53
Object reference not set to an instance of an object.   at GlazeWM.Domain.Containers.CommandHandlers.SetFocusedDescendantHandler.Handle(SetFocusedDescendantCommand command) in C:\Users\larsb\repos\GlazeWM\GlazeWM.Domain\Containers\CommandHandlers\SetFocusedDescendantHandler.cs:line 11
   at GlazeWM.Infrastructure.Bussing.Bus.Invoke[T](T command) in C:\Users\larsb\repos\GlazeWM\GlazeWM.Infrastructure\Bussing\Bus.cs:line 44
   at GlazeWM.Domain.Common.CommandHandlers.PopulateInitialStateHandler.Handle(PopulateInitialStateCommand command) in C:\Users\larsb\repos\GlazeWM\GlazeWM.Domain\Common\CommandHandlers\PopulateInitialStateHandler.cs:line 63
   at GlazeWM.Infrastructure.Bussing.Bus.Invoke[T](T command) in C:\Users\larsb\repos\GlazeWM\GlazeWM.Infrastructure\Bussing\Bus.cs:line 44

15-12-2022 17:45:12
Object reference not set to an instance of an object.   at GlazeWM.Domain.Containers.CommandHandlers.SetFocusedDescendantHandler.Handle(SetFocusedDescendantCommand command) in C:\Users\larsb\repos\GlazeWM\GlazeWM.Domain\Containers\CommandHandlers\SetFocusedDescendantHandler.cs:line 11
   at GlazeWM.Infrastructure.Bussing.Bus.Invoke[T](T command) in C:\Users\larsb\repos\GlazeWM\GlazeWM.Infrastructure\Bussing\Bus.cs:line 44

15-12-2022 17:45:13
Object reference not set to an instance of an object.   at GlazeWM.Domain.Containers.CommandHandlers.SetFocusedDescendantHandler.Handle(SetFocusedDescendantCommand command) in C:\Users\larsb\repos\GlazeWM\GlazeWM.Domain\Containers\CommandHandlers\SetFocusedDescendantHandler.cs:line 11
   at GlazeWM.Infrastructure.Bussing.Bus.Invoke[T](T command) in C:\Users\larsb\repos\GlazeWM\GlazeWM.Infrastructure\Bussing\Bus.cs:line 44
   at GlazeWM.Domain.Common.CommandHandlers.PopulateInitialStateHandler.Handle(PopulateInitialStateCommand command) in C:\Users\larsb\repos\GlazeWM\GlazeWM.Domain\Common\CommandHandlers\PopulateInitialStateHandler.cs:line 63
   at GlazeWM.Infrastructure.Bussing.Bus.Invoke[T](T command) in C:\Users\larsb\repos\GlazeWM\GlazeWM.Infrastructure\Bussing\Bus.cs:line 44

15-12-2022 19:48:55
Object reference not set to an instance of an object.   at GlazeWM.Domain.Containers.CommandHandlers.SetFocusedDescendantHandler.Handle(SetFocusedDescendantCommand command) in C:\Users\larsb\repos\GlazeWM\GlazeWM.Domain\Containers\CommandHandlers\SetFocusedDescendantHandler.cs:line 11
   at GlazeWM.Infrastructure.Bussing.Bus.Invoke[T](T command) in C:\Users\larsb\repos\GlazeWM\GlazeWM.Infrastructure\Bussing\Bus.cs:line 44

15-12-2022 19:48:56
Object reference not set to an instance of an object.   at GlazeWM.Domain.Containers.CommandHandlers.SetFocusedDescendantHandler.Handle(SetFocusedDescendantCommand command) in C:\Users\larsb\repos\GlazeWM\GlazeWM.Domain\Containers\CommandHandlers\SetFocusedDescendantHandler.cs:line 11
   at GlazeWM.Infrastructure.Bussing.Bus.Invoke[T](T command) in C:\Users\larsb\repos\GlazeWM\GlazeWM.Infrastructure\Bussing\Bus.cs:line 44
   at GlazeWM.Domain.Common.CommandHandlers.PopulateInitialStateHandler.Handle(PopulateInitialStateCommand command) in C:\Users\larsb\repos\GlazeWM\GlazeWM.Domain\Common\CommandHandlers\PopulateInitialStateHandler.cs:line 63
   at GlazeWM.Infrastructure.Bussing.Bus.Invoke[T](T command) in C:\Users\larsb\repos\GlazeWM\GlazeWM.Infrastructure\Bussing\Bus.cs:line 44

15-12-2022 21:49:37
Object reference not set to an instance of an object.   at GlazeWM.Domain.Containers.CommandHandlers.SetFocusedDescendantHandler.Handle(SetFocusedDescendantCommand command) in C:\Users\larsb\repos\GlazeWM\GlazeWM.Domain\Containers\CommandHandlers\SetFocusedDescendantHandler.cs:line 11
   at GlazeWM.Infrastructure.Bussing.Bus.Invoke[T](T command) in C:\Users\larsb\repos\GlazeWM\GlazeWM.Infrastructure\Bussing\Bus.cs:line 44

15-12-2022 21:49:37
Object reference not set to an instance of an object.   at GlazeWM.Domain.Containers.CommandHandlers.SetFocusedDescendantHandler.Handle(SetFocusedDescendantCommand command) in C:\Users\larsb\repos\GlazeWM\GlazeWM.Domain\Containers\CommandHandlers\SetFocusedDescendantHandler.cs:line 11
   at GlazeWM.Infrastructure.Bussing.Bus.Invoke[T](T command) in C:\Users\larsb\repos\GlazeWM\GlazeWM.Infrastructure\Bussing\Bus.cs:line 44
   at GlazeWM.Domain.Common.CommandHandlers.PopulateInitialStateHandler.Handle(PopulateInitialStateCommand command) in C:\Users\larsb\repos\GlazeWM\GlazeWM.Domain\Common\CommandHandlers\PopulateInitialStateHandler.cs:line 63
   at GlazeWM.Infrastructure.Bussing.Bus.Invoke[T](T command) in C:\Users\larsb\repos\GlazeWM\GlazeWM.Infrastructure\Bussing\Bus.cs:line 44

15-12-2022 21:50:13
Object reference not set to an instance of an object.   at GlazeWM.Domain.Containers.CommandHandlers.SetFocusedDescendantHandler.Handle(SetFocusedDescendantCommand command) in C:\Users\larsb\repos\GlazeWM\GlazeWM.Domain\Containers\CommandHandlers\SetFocusedDescendantHandler.cs:line 11
   at GlazeWM.Infrastructure.Bussing.Bus.Invoke[T](T command) in C:\Users\larsb\repos\GlazeWM\GlazeWM.Infrastructure\Bussing\Bus.cs:line 44

15-12-2022 21:50:13
Object reference not set to an instance of an object.   at GlazeWM.Domain.Containers.CommandHandlers.SetFocusedDescendantHandler.Handle(SetFocusedDescendantCommand command) in C:\Users\larsb\repos\GlazeWM\GlazeWM.Domain\Containers\CommandHandlers\SetFocusedDescendantHandler.cs:line 11
   at GlazeWM.Infrastructure.Bussing.Bus.Invoke[T](T command) in C:\Users\larsb\repos\GlazeWM\GlazeWM.Infrastructure\Bussing\Bus.cs:line 44
   at GlazeWM.Domain.Common.CommandHandlers.PopulateInitialStateHandler.Handle(PopulateInitialStateCommand command) in C:\Users\larsb\repos\GlazeWM\GlazeWM.Domain\Common\CommandHandlers\PopulateInitialStateHandler.cs:line 63
   at GlazeWM.Infrastructure.Bussing.Bus.Invoke[T](T command) in C:\Users\larsb\repos\GlazeWM\GlazeWM.Infrastructure\Bussing\Bus.cs:line 44

16-12-2022 03:04:25
Object reference not set to an instance of an object.   at GlazeWM.Domain.Containers.CommandHandlers.SetFocusedDescendantHandler.Handle(SetFocusedDescendantCommand command) in C:\Users\larsb\repos\GlazeWM\GlazeWM.Domain\Containers\CommandHandlers\SetFocusedDescendantHandler.cs:line 11
   at GlazeWM.Infrastructure.Bussing.Bus.Invoke[T](T command) in C:\Users\larsb\repos\GlazeWM\GlazeWM.Infrastructure\Bussing\Bus.cs:line 44

16-12-2022 03:04:27
Object reference not set to an instance of an object.   at GlazeWM.Domain.Containers.CommandHandlers.SetFocusedDescendantHandler.Handle(SetFocusedDescendantCommand command) in C:\Users\larsb\repos\GlazeWM\GlazeWM.Domain\Containers\CommandHandlers\SetFocusedDescendantHandler.cs:line 11
   at GlazeWM.Infrastructure.Bussing.Bus.Invoke[T](T command) in C:\Users\larsb\repos\GlazeWM\GlazeWM.Infrastructure\Bussing\Bus.cs:line 44
   at GlazeWM.Domain.Common.CommandHandlers.PopulateInitialStateHandler.Handle(PopulateInitialStateCommand command) in C:\Users\larsb\repos\GlazeWM\GlazeWM.Domain\Common\CommandHandlers\PopulateInitialStateHandler.cs:line 63
   at GlazeWM.Infrastructure.Bussing.Bus.Invoke[T](T command) in C:\Users\larsb\repos\GlazeWM\GlazeWM.Infrastructure\Bussing\Bus.cs:line 44

18-12-2022 23:25:07
Failed to parse user config. Invalid value at property: '$.bar.position'.   at GlazeWM.Domain.UserConfigs.CommandHandlers.EvaluateUserConfigHandler.DeserializeUserConfig(String userConfigPath) in C:\Users\larsb\repos\GlazeWM\GlazeWM.Domain\UserConfigs\CommandHandlers\EvaluateUserConfigHandler.cs:line 102
   at GlazeWM.Domain.UserConfigs.CommandHandlers.EvaluateUserConfigHandler.Handle(EvaluateUserConfigCommand command) in C:\Users\larsb\repos\GlazeWM\GlazeWM.Domain\UserConfigs\CommandHandlers\EvaluateUserConfigHandler.cs:line 57
   at GlazeWM.Infrastructure.Bussing.Bus.Invoke[T](T command) in C:\Users\larsb\repos\GlazeWM\GlazeWM.Infrastructure\Bussing\Bus.cs:line 50